11111       11111       121        FIVE       
11112       11112       122        SLEEP_FOUR 
11121       11121       124        SLEEP_FOUR 
11122       11122       125        SLEEP_THREE
11211       11211       130        SLEEP_FOUR 
11212       11212       131        SLEEP_THREE
12111       12111       148        SLEEP_FOUR 
12112       12112       149        SLEEP_THREE
12121       12121       151        SLEEP_THREE
12122       12122       152        SLEEP_TWO  
21111       21111       202        SLEEP_FOUR 
21112       21112       203        SLEEP_THREE
21121       21121       205        SLEEP_THREE
21122       21122       206        SLEEP_TWO  
21211       21211       211        SLEEP_THREE
21212       21212       212        SLEEP_TWO  
22111       22111       229        SLEEP_THREE
22112       22112       230        SLEEP_TWO  
22121       22121       232        SLEEP_TWO  
22122       22122       233        BASE       
111111      111111      364        FIVE       
111112      111112      365        FIVE       
111121      111121      367        SLEEP_FOUR 
111122      111122      368        SLEEP_FOUR 
111211      111211      373        SLEEP_FOUR 
111212      111212      374        SLEEP_FOUR 
112111      112111      391        SLEEP_FOUR 
112112      112112      392        SLEEP_FOUR 
112121      112121      394        SLEEP_THREE
112122      112122      395        SLEEP_THREE
121111      121111      445        SLEEP_FOUR 
121112      121112      446        SLEEP_FOUR 
121121      121121      448        SLEEP_THREE
121122      121122      449        SLEEP_THREE
121211      121211      454        SLEEP_THREE
121212      121212      455        SLEEP_THREE
211111      211111      607        FIVE       
211112      211112      608        LIVE_FOUR  
211121      211121      610        SLEEP_FOUR 
211122      211122      611        LIVE_THREE 
211211      211211      616        SLEEP_FOUR 
211212      211212      617        LIVE_THREE 
212111      212111      634        SLEEP_FOUR 
212112      212112      635        LIVE_THREE 
212121      212121      637        SLEEP_THREE
212122      212122      638        LIVE_TWO   
221111      221111      688        SLEEP_FOUR 
221112      221112      689        LIVE_THREE 
221121      221121      691        SLEEP_THREE
221122      221122      692        LIVE_TWO   
221211      221211      697        SLEEP_THREE
221212      221212      698        LIVE_TWO   
1111111     1111111     1093       FIVE       
1111112     1111112     1094       FIVE       
1111121     1111121     1096       FIVE       
1111122     1111122     1097       FIVE       
1111211     1111211     1102       SLEEP_FOUR 
1111212     1111212     1103       SLEEP_FOUR 
1112111     1112111     1120       SLEEP_FOUR 
1112112     1112112     1121       SLEEP_FOUR 
1112121     1112121     1123       SLEEP_FOUR 
1112122     1112122     1124       SLEEP_FOUR 
1121111     1121111     1174       SLEEP_FOUR 
1121112     1121112     1175       SLEEP_FOUR 
1121121     1121121     1177       SLEEP_FOUR 
1121122     1121122     1178       SLEEP_FOUR 
1121211     1121211     1183       SLEEP_THREE
1121212     1121212     1184       SLEEP_THREE
1211111     1211111     1336       FIVE       
1211112     1211112     1337       LIVE_FOUR  
1211121     1211121     1339       LIVE_FOUR  
1211122     1211122     1340       SLEEP_FOUR 
1211211     1211211     1345       SLEEP_FOUR 
1211212     1211212     1346       LIVE_THREE 
1212111     1212111     1363       SLEEP_FOUR 
1212112     1212112     1364       LIVE_THREE 
1212121     1212121     1366       LIVE_THREE 
1212122     1212122     1367       SLEEP_THREE
2111111     2111111     1822       FIVE       
2111112     2111112     1823       FIVE       
2111121     2111121     1825       LIVE_FOUR  
2111122     2111122     1826       LIVE_FOUR  
2111211     2111211     1831       SLEEP_FOUR 
2111212     2111212     1832       SLEEP_FOUR 
2112111     2112111     1849       SLEEP_FOUR 
2112112     2112112     1850       SLEEP_FOUR 
2112121     2112121     1852       LIVE_THREE 
2112122     2112122     1853       LIVE_THREE 
2121111     2121111     1903       SLEEP_FOUR 
2121112     2121112     1904       SLEEP_FOUR 
2121121     2121121     1906       LIVE_THREE 
2121122     2121122     1907       LIVE_THREE 
2121211     2121211     1912       SLEEP_THREE
2121212     2121212     1913       SLEEP_THREE
2211111     2211111     2065       FIVE       
2211112     2211112     2066       LIVE_FOUR  
2211121     2211121     2068       SLEEP_FOUR 
2211122     2211122     2069       LIVE_THREE 
2211211     2211211     2074       SLEEP_FOUR 
2211212     2211212     2075       LIVE_THREE 
2212111     2212111     2092       SLEEP_FOUR 
2212112     2212112     2093       LIVE_THREE 
2212121     2212121     2095       SLEEP_THREE
2212122     2212122     2096       LIVE_TWO   
11111111    11111111    3280       FIVE       
11111112    11111112    3281       FIVE       
11111121    11111121    3283       FIVE       
11111122    11111122    3284       FIVE       
11111211    11111211    3289       FIVE       
11111212    11111212    3290       FIVE       
11112111    11112111    3307       SLEEP_FOUR 
11112112    11112112    3308       SLEEP_FOUR 
11112121    11112121    3310       SLEEP_FOUR 
11112122    11112122    3311       SLEEP_FOUR 
11121111    11121111    3361       SLEEP_FOUR 
11121112    11121112    3362       SLEEP_FOUR 
11121121    11121121    3364       SLEEP_FOUR 
11121122    11121122    3365       SLEEP_FOUR 
11121211    11121211    3370       SLEEP_FOUR 
11121212    11121212    3371       SLEEP_FOUR 
11211111    11211111    3523       FIVE       
11211112    11211112    3524       LIVE_FOUR  
11211121    11211121    3526       LIVE_FOUR  
11211122    11211122    3527       SLEEP_FOUR 
11211211    11211211    3532       LIVE_FOUR  
11211212    11211212    3533       SLEEP_FOUR 
11212111    11212111    3550       SLEEP_FOUR 
11212112    11212112    3551       LIVE_THREE 
11212121    11212121    3553       LIVE_THREE 
11212122    11212122    3554       SLEEP_THREE
12111111    12111111    4009       FIVE       
12111112    12111112    4010       FIVE       
12111121    12111121    4012       LIVE_FOUR  
12111122    12111122    4013       LIVE_FOUR  
12111211    12111211    4018       LIVE_FOUR  
12111212    12111212    4019       LIVE_FOUR  
12112111    12112111    4036       SLEEP_FOUR 
12112112    12112112    4037       SLEEP_FOUR 
12112121    12112121    4039       LIVE_THREE 
12112122    12112122    4040       LIVE_THREE 
12121111    12121111    4090       SLEEP_FOUR 
12121112    12121112    4091       SLEEP_FOUR 
12121121    12121121    4093       LIVE_THREE 
12121122    12121122    4094       LIVE_THREE 
12121211    12121211    4099       LIVE_THREE 
12121212    12121212    4100       LIVE_THREE 
21111111    21111111    5467       FIVE       
21111112    21111112    5468       FIVE       
21111121    21111121    5470       FIVE       
21111122    21111122    5471       FIVE       
21111211    21111211    5476       LIVE_FOUR  
21111212    21111212    5477       LIVE_FOUR  
21112111    21112111    5494       SLEEP_FOUR 
21112112    21112112    5495       SLEEP_FOUR 
21112121    21112121    5497       SLEEP_FOUR 
21112122    21112122    5498       SLEEP_FOUR 
21121111    21121111    5548       SLEEP_FOUR 
21121112    21121112    5549       SLEEP_FOUR 
21121121    21121121    5551       SLEEP_FOUR 
21121122    21121122    5552       SLEEP_FOUR 
21121211    21121211    5557       LIVE_THREE 
21121212    21121212    5558       LIVE_THREE 
21211111    21211111    5710       FIVE       
21211112    21211112    5711       LIVE_FOUR  
21211121    21211121    5713       LIVE_FOUR  
21211122    21211122    5714       SLEEP_FOUR 
21211211    21211211    5719       SLEEP_FOUR 
21211212    21211212    5720       LIVE_THREE 
21212111    21212111    5737       SLEEP_FOUR 
21212112    21212112    5738       LIVE_THREE 
21212121    21212121    5740       LIVE_THREE 
21212122    21212122    5741       SLEEP_THREE
22111111    22111111    6196       FIVE       
22111112    22111112    6197       FIVE       
22111121    22111121    6199       LIVE_FOUR  
22111122    22111122    6200       LIVE_FOUR  
22111211    22111211    6205       SLEEP_FOUR 
22111212    22111212    6206       SLEEP_FOUR 
22112122    22112122    6227       LIVE_THREE 
22121111    22121111    6277       SLEEP_FOUR 
22121112    22121112    6278       SLEEP_FOUR 
22121121    22121121    6280       LIVE_THREE 
22121122    22121122    6281       LIVE_THREE 
22121211    22121211    6286       SLEEP_THREE
22121212    22121212    6287       SLEEP_THREE
111111111   111111111   9841       FIVE       
111111112   111111112   9842       FIVE       
111111121   111111121   9844       FIVE       
111111122   111111122   9845       FIVE       
111111211   111111211   9850       FIVE       
111111212   111111212   9851       FIVE       
111112111   111112111   9868       FIVE       
111112112   111112112   9869       FIVE       
111112121   111112121   9871       FIVE       
111112122   111112122   9872       FIVE       
111211111   111211111   10084      FIVE       
111211112   111211112   10085      LIVE_FOUR  
111211121   111211121   10087      LIVE_FOUR  
111211122   111211122   10088      SLEEP_FOUR 
111211211   111211211   10093      LIVE_FOUR  
111211212   111211212   10094      SLEEP_FOUR 
111212111   111212111   10111      SLEEP_FOUR 
111212112   111212112   10112      SLEEP_FOUR 
111212121   111212121   10114      SLEEP_FOUR 
111212122   111212122   10115      SLEEP_FOUR 
112111111   112111111   10570      FIVE       
112111112   112111112   10571      FIVE       
112111121   112111121   10573      LIVE_FOUR  
112111122   112111122   10574      LIVE_FOUR  
112111211   112111211   10579      LIVE_FOUR  
112111212   112111212   10580      LIVE_FOUR  
112112111   112112111   10597      LIVE_FOUR  
112112112   112112112   10598      LIVE_FOUR  
112112121   112112121   10600      SLEEP_FOUR 
112112122   112112122   10601      SLEEP_FOUR 
121111111   121111111   12028      FIVE       
121111112   121111112   12029      FIVE       
121111121   121111121   12031      FIVE       
121111122   121111122   12032      FIVE       
121111211   121111211   12037      LIVE_FOUR  
121111212   121111212   12038      LIVE_FOUR  
121112111   121112111   12055      LIVE_FOUR  
121112112   121112112   12056      LIVE_FOUR  
121112121   121112121   12058      LIVE_FOUR  
121112122   121112122   12059      LIVE_FOUR  
121211111   121211111   12271      FIVE       
121211112   121211112   12272      LIVE_FOUR  
121211121   121211121   12274      LIVE_FOUR  
121211122   121211122   12275      SLEEP_FOUR 
121211211   121211211   12280      SLEEP_FOUR 
121211212   121211212   12281      LIVE_THREE 
121212111   121212111   12298      SLEEP_FOUR 
121212112   121212112   12299      LIVE_THREE 
121212121   121212121   12301      LIVE_THREE 
121212122   121212122   12302      LIVE_THREE 
211111111   211111111   16402      FIVE       
211111112   211111112   16403      FIVE       
211111121   211111121   16405      FIVE       
211111122   211111122   16406      FIVE       
211111211   211111211   16411      FIVE       
211111212   211111212   16412      FIVE       
211112111   211112111   16429      LIVE_FOUR  
211112112   211112112   16430      LIVE_FOUR  
211112121   211112121   16432      LIVE_FOUR  
211112122   211112122   16433      LIVE_FOUR  
211211111   211211111   16645      FIVE       
211211112   211211112   16646      LIVE_FOUR  
211211121   211211121   16648      LIVE_FOUR  
211211122   211211122   16649      SLEEP_FOUR 
211211211   211211211   16654      LIVE_FOUR  
211211212   211211212   16655      SLEEP_FOUR 
211212111   211212111   16672      SLEEP_FOUR 
211212112   211212112   16673      LIVE_THREE 
211212121   211212121   16675      LIVE_THREE 
211212122   211212122   16676      LIVE_THREE 
212111111   212111111   17131      FIVE       
212111112   212111112   17132      FIVE       
212111121   212111121   17134      LIVE_FOUR  
212111122   212111122   17135      LIVE_FOUR  
212111211   212111211   17140      LIVE_FOUR  
212111212   212111212   17141      LIVE_FOUR  
212112111   212112111   17158      SLEEP_FOUR 
212112112   212112112   17159      SLEEP_FOUR 
212112121   212112121   17161      LIVE_THREE 
212112122   212112122   17162      LIVE_THREE 
221111111   221111111   18589      FIVE       
221111112   221111112   18590      FIVE       
221111121   221111121   18592      FIVE       
221111122   221111122   18593      FIVE       
221111211   221111211   18598      LIVE_FOUR  
221111212   221111212   18599      LIVE_FOUR  
221112111   221112111   18616      SLEEP_FOUR 
221112112   221112112   18617      SLEEP_FOUR 
221112121   221112121   18619      SLEEP_FOUR 
221112122   221112122   18620      SLEEP_FOUR 
221211111   221211111   18832      FIVE       
221211112   221211112   18833      LIVE_FOUR  
221211121   221211121   18835      LIVE_FOUR  
221211122   221211122   18836      SLEEP_FOUR 
221211211   221211211   18841      SLEEP_FOUR 
221211212   221211212   18842      LIVE_THREE 
221212111   221212111   18859      SLEEP_FOUR 
221212112   221212112   18860      LIVE_THREE 
221212121   221212121   18862      LIVE_THREE 
221212122   221212122   18863      SLEEP_THREE
